1683279883558	geckodriver	INFO	Listening on 127.0.0.1:55532
1683279886590	mozrunner::runner	INFO	Running command: "C:\\Program Files\\Mozilla Firefox\\firefox.exe" "--marionette" "--remote-debugging-port" "55533" "--remote-allow-hosts" "localhost" "-no-remote" "-profile" "C:\\Users\\Gobinda\\AppData\\Local\\Temp\\rust_mozprofileb7mj9d"
console.warn: services.settings: Ignoring preference override of remote settings server
console.warn: services.settings: Allow by setting MOZ_REMOTE_SETTINGS_DEVTOOLS=1 in the environment
1683279886831	Marionette	INFO	Marionette enabled
Dynamically enable window occlusion 0
1683279886835	Marionette	INFO	Listening on port 55540
Read port: 55540
WebDriver BiDi listening on ws://127.0.0.1:55533
1683279886952	RemoteAgent	WARN	TLS certificate errors will be ignored for this session
console.warn: SearchSettings: "get: No settings file exists, new profile?" (new NotFoundError("Could not open the file at C:\\Users\\Gobinda\\AppData\\Local\\Temp\\rust_mozprofileb7mj9d\\search.json.mozlz4", (void 0)))
[ERROR glean_core] Error setting metrics feature config: Json(Error("EOF while parsing a value", line: 1, column: 0))
DevTools listening on ws://127.0.0.1:55533/devtools/browser/b2c5ba2e-75f2-4304-82a7-acf1eb3b1807
JavaScript warning: https://www.redbus.in/javascripts/layout.3be950c1fdf3d5e12860.bundle.js?root=rbus, line 1: WEBGL_debug_renderer_info is deprecated in Firefox and will be removed. Please use RENDERER.
JavaScript warning: https://www.redbus.in/javascripts/layout.3be950c1fdf3d5e12860.bundle.js?root=rbus, line 1: WEBGL_debug_renderer_info is deprecated in Firefox and will be removed. Please use RENDERER.
JavaScript warning: https://www.google.com/js/th/fcStgh4smOfAMc9IDeSBs19kD1Z1p72kXSRQ46_CmJQ.js line 2 > eval line 1798 > eval line 1 > eval line 1 > eval, line 1: WEBGL_debug_renderer_info is deprecated in Firefox and will be removed. Please use RENDERER.
1683279894728	Marionette	INFO	Stopped listening on port 55540
Dynamically enable window occlusion 1
1683280287064	geckodriver	INFO	Listening on 127.0.0.1:55996
1683280290100	mozrunner::runner	INFO	Running command: "C:\\Program Files\\Mozilla Firefox\\firefox.exe" "--marionette" "--remote-debugging-port" "55997" "--remote-allow-hosts" "localhost" "-no-remote" "-profile" "C:\\Users\\Gobinda\\AppData\\Local\\Temp\\rust_mozprofilekLKB84"
console.warn: services.settings: Ignoring preference override of remote settings server
console.warn: services.settings: Allow by setting MOZ_REMOTE_SETTINGS_DEVTOOLS=1 in the environment
1683280290348	Marionette	INFO	Marionette enabled
Dynamically enable window occlusion 0
1683280290351	Marionette	INFO	Listening on port 56008
Read port: 56008
WebDriver BiDi listening on ws://127.0.0.1:55997
1683280290466	RemoteAgent	WARN	TLS certificate errors will be ignored for this session
console.warn: SearchSettings: "get: No settings file exists, new profile?" (new NotFoundError("Could not open the file at C:\\Users\\Gobinda\\AppData\\Local\\Temp\\rust_mozprofilekLKB84\\search.json.mozlz4", (void 0)))
[ERROR glean_core] Error setting metrics feature config: Json(Error("EOF while parsing a value", line: 1, column: 0))
DevTools listening on ws://127.0.0.1:55997/devtools/browser/7ecda81a-f181-4737-982e-de65a43cc974
JavaScript warning: https://www.redbus.in/javascripts/layout.3be950c1fdf3d5e12860.bundle.js?root=rbus, line 1: WEBGL_debug_renderer_info is deprecated in Firefox and will be removed. Please use RENDERER.
JavaScript warning: https://www.redbus.in/javascripts/layout.3be950c1fdf3d5e12860.bundle.js?root=rbus, line 1: WEBGL_debug_renderer_info is deprecated in Firefox and will be removed. Please use RENDERER.
1683280312140	Marionette	INFO	Stopped listening on port 56008
Dynamically enable window occlusion 1
1683280322201	geckodriver	INFO	Listening on 127.0.0.1:56099
1683280325221	mozrunner::runner	INFO	Running command: "C:\\Program Files\\Mozilla Firefox\\firefox.exe" "--marionette" "--remote-debugging-port" "56100" "--remote-allow-hosts" "localhost" "-no-remote" "-profile" "C:\\Users\\Gobinda\\AppData\\Local\\Temp\\rust_mozprofileS1f4Jo"
console.warn: services.settings: Ignoring preference override of remote settings server
console.warn: services.settings: Allow by setting MOZ_REMOTE_SETTINGS_DEVTOOLS=1 in the environment
1683280325465	Marionette	INFO	Marionette enabled
Dynamically enable window occlusion 0
1683280325468	Marionette	INFO	Listening on port 56109
Read port: 56109
WebDriver BiDi listening on ws://127.0.0.1:56100
1683280325587	RemoteAgent	WARN	TLS certificate errors will be ignored for this session
console.warn: SearchSettings: "get: No settings file exists, new profile?" (new NotFoundError("Could not open the file at C:\\Users\\Gobinda\\AppData\\Local\\Temp\\rust_mozprofileS1f4Jo\\search.json.mozlz4", (void 0)))
[ERROR glean_core] Error setting metrics feature config: Json(Error("EOF while parsing a value", line: 1, column: 0))
DevTools listening on ws://127.0.0.1:56100/devtools/browser/d1dd813c-a0ee-4f08-af3d-97d64d2be2dd
JavaScript warning: https://www.redbus.in/javascripts/layout.3be950c1fdf3d5e12860.bundle.js?root=rbus, line 1: WEBGL_debug_renderer_info is deprecated in Firefox and will be removed. Please use RENDERER.
JavaScript warning: https://www.redbus.in/javascripts/layout.3be950c1fdf3d5e12860.bundle.js?root=rbus, line 1: WEBGL_debug_renderer_info is deprecated in Firefox and will be removed. Please use RENDERER.
1683280332305	Marionette	INFO	Stopped listening on port 56109
Dynamically enable window occlusion 1
JavaScript warning: https://www.google.com/js/th/fcStgh4smOfAMc9IDeSBs19kD1Z1p72kXSRQ46_CmJQ.js line 2 > eval line 5249 > eval line 1 > eval line 1 > eval, line 1: WEBGL_debug_renderer_info is deprecated in Firefox and will be removed. Please use RENDERER.
1683280508013	geckodriver	INFO	Listening on 127.0.0.1:56321
1683280511031	mozrunner::runner	INFO	Running command: "C:\\Program Files\\Mozilla Firefox\\firefox.exe" "--marionette" "--remote-debugging-port" "56322" "--remote-allow-hosts" "localhost" "-no-remote" "-profile" "C:\\Users\\Gobinda\\AppData\\Local\\Temp\\rust_mozprofilenZix88"
console.warn: services.settings: Ignoring preference override of remote settings server
console.warn: services.settings: Allow by setting MOZ_REMOTE_SETTINGS_DEVTOOLS=1 in the environment
1683280511273	Marionette	INFO	Marionette enabled
Dynamically enable window occlusion 0
1683280511276	Marionette	INFO	Listening on port 56331
Read port: 56331
WebDriver BiDi listening on ws://127.0.0.1:56322
1683280511397	RemoteAgent	WARN	TLS certificate errors will be ignored for this session
console.warn: SearchSettings: "get: No settings file exists, new profile?" (new NotFoundError("Could not open the file at C:\\Users\\Gobinda\\AppData\\Local\\Temp\\rust_mozprofilenZix88\\search.json.mozlz4", (void 0)))
[ERROR glean_core] Error setting metrics feature config: Json(Error("EOF while parsing a value", line: 1, column: 0))
DevTools listening on ws://127.0.0.1:56322/devtools/browser/e5090c33-9741-437c-8edc-1da08b56e305
JavaScript warning: https://www.redbus.in/javascripts/layout.3be950c1fdf3d5e12860.bundle.js?root=rbus, line 1: WEBGL_debug_renderer_info is deprecated in Firefox and will be removed. Please use RENDERER.
JavaScript warning: https://www.redbus.in/javascripts/layout.3be950c1fdf3d5e12860.bundle.js?root=rbus, line 1: WEBGL_debug_renderer_info is deprecated in Firefox and will be removed. Please use RENDERER.
1683280519438	Marionette	INFO	Stopped listening on port 56331
Dynamically enable window occlusion 1
1683280521284	geckodriver	INFO	Listening on 127.0.0.1:56417
1683280524310	mozrunner::runner	INFO	Running command: "C:\\Program Files\\Mozilla Firefox\\firefox.exe" "--marionette" "--remote-debugging-port" "56418" "--remote-allow-hosts" "localhost" "-no-remote" "-profile" "C:\\Users\\Gobinda\\AppData\\Local\\Temp\\rust_mozprofileXcrP8W"
console.warn: services.settings: Ignoring preference override of remote settings server
console.warn: services.settings: Allow by setting MOZ_REMOTE_SETTINGS_DEVTOOLS=1 in the environment
1683280524557	Marionette	INFO	Marionette enabled
Dynamically enable window occlusion 0
1683280524561	Marionette	INFO	Listening on port 56427
Read port: 56427
WebDriver BiDi listening on ws://127.0.0.1:56418
1683280524678	RemoteAgent	WARN	TLS certificate errors will be ignored for this session
console.warn: SearchSettings: "get: No settings file exists, new profile?" (new NotFoundError("Could not open the file at C:\\Users\\Gobinda\\AppData\\Local\\Temp\\rust_mozprofileXcrP8W\\search.json.mozlz4", (void 0)))
[ERROR glean_core] Error setting metrics feature config: Json(Error("EOF while parsing a value", line: 1, column: 0))
DevTools listening on ws://127.0.0.1:56418/devtools/browser/4c3d8619-9e0a-43fb-8219-5897a4cc80e9
JavaScript warning: https://www.redbus.in/javascripts/layout.3be950c1fdf3d5e12860.bundle.js?root=rbus, line 1: WEBGL_debug_renderer_info is deprecated in Firefox and will be removed. Please use RENDERER.
JavaScript warning: https://www.redbus.in/javascripts/layout.3be950c1fdf3d5e12860.bundle.js?root=rbus, line 1: WEBGL_debug_renderer_info is deprecated in Firefox and will be removed. Please use RENDERER.
JavaScript warning: https://www.redbus.in/javascripts/layout.3be950c1fdf3d5e12860.bundle.js?root=rbus, line 1: WEBGL_debug_renderer_info is deprecated in Firefox and will be removed. Please use RENDERER.
1683280532367	Marionette	INFO	Stopped listening on port 56427
Dynamically enable window occlusion 1
1683280586042	geckodriver	INFO	Listening on 127.0.0.1:56527
1683280589058	mozrunner::runner	INFO	Running command: "C:\\Program Files\\Mozilla Firefox\\firefox.exe" "--marionette" "--remote-debugging-port" "56528" "--remote-allow-hosts" "localhost" "-no-remote" "-profile" "C:\\Users\\Gobinda\\AppData\\Local\\Temp\\rust_mozprofileYiPHkD"
console.warn: services.settings: Ignoring preference override of remote settings server
console.warn: services.settings: Allow by setting MOZ_REMOTE_SETTINGS_DEVTOOLS=1 in the environment
1683280589328	Marionette	INFO	Marionette enabled
Dynamically enable window occlusion 0
1683280589332	Marionette	INFO	Listening on port 56537
Read port: 56537
WebDriver BiDi listening on ws://127.0.0.1:56528
1683280589435	RemoteAgent	WARN	TLS certificate errors will be ignored for this session
console.warn: SearchSettings: "get: No settings file exists, new profile?" (new NotFoundError("Could not open the file at C:\\Users\\Gobinda\\AppData\\Local\\Temp\\rust_mozprofileYiPHkD\\search.json.mozlz4", (void 0)))
[ERROR glean_core] Error setting metrics feature config: Json(Error("EOF while parsing a value", line: 1, column: 0))
DevTools listening on ws://127.0.0.1:56528/devtools/browser/8f5269f5-7108-4567-a770-23b9ad7cdf6c
JavaScript warning: https://www.redbus.in/javascripts/layout.3be950c1fdf3d5e12860.bundle.js?root=rbus, line 1: WEBGL_debug_renderer_info is deprecated in Firefox and will be removed. Please use RENDERER.
JavaScript warning: https://www.redbus.in/javascripts/layout.3be950c1fdf3d5e12860.bundle.js?root=rbus, line 1: WEBGL_debug_renderer_info is deprecated in Firefox and will be removed. Please use RENDERER.
1683280597947	Marionette	INFO	Stopped listening on port 56537
Dynamically enable window occlusion 1
1683280599503	geckodriver	INFO	Listening on 127.0.0.1:56619
1683280602536	mozrunner::runner	INFO	Running command: "C:\\Program Files\\Mozilla Firefox\\firefox.exe" "--marionette" "--remote-debugging-port" "56620" "--remote-allow-hosts" "localhost" "-no-remote" "-profile" "C:\\Users\\Gobinda\\AppData\\Local\\Temp\\rust_mozprofileygHdzI"
console.warn: services.settings: Ignoring preference override of remote settings server
console.warn: services.settings: Allow by setting MOZ_REMOTE_SETTINGS_DEVTOOLS=1 in the environment
1683280602779	Marionette	INFO	Marionette enabled
Dynamically enable window occlusion 0
1683280602782	Marionette	INFO	Listening on port 56628
Read port: 56628
WebDriver BiDi listening on ws://127.0.0.1:56620
1683280602897	RemoteAgent	WARN	TLS certificate errors will be ignored for this session
console.warn: SearchSettings: "get: No settings file exists, new profile?" (new NotFoundError("Could not open the file at C:\\Users\\Gobinda\\AppData\\Local\\Temp\\rust_mozprofileygHdzI\\search.json.mozlz4", (void 0)))
[ERROR glean_core] Error setting metrics feature config: Json(Error("EOF while parsing a value", line: 1, column: 0))
DevTools listening on ws://127.0.0.1:56620/devtools/browser/081d2331-5b71-4412-b452-1ea4365499a4
JavaScript warning: https://www.redbus.in/javascripts/layout.3be950c1fdf3d5e12860.bundle.js?root=rbus, line 1: WEBGL_debug_renderer_info is deprecated in Firefox and will be removed. Please use RENDERER.
JavaScript warning: https://www.redbus.in/javascripts/layout.3be950c1fdf3d5e12860.bundle.js?root=rbus, line 1: WEBGL_debug_renderer_info is deprecated in Firefox and will be removed. Please use RENDERER.
JavaScript warning: https://www.redbus.in/javascripts/layout.3be950c1fdf3d5e12860.bundle.js?root=rbus, line 1: WEBGL_debug_renderer_info is deprecated in Firefox and will be removed. Please use RENDERER.
1683280609435	Marionette	INFO	Stopped listening on port 56628
Dynamically enable window occlusion 1
1683280795749	geckodriver	INFO	Listening on 127.0.0.1:56839
1683280798785	mozrunner::runner	INFO	Running command: "C:\\Program Files\\Mozilla Firefox\\firefox.exe" "--marionette" "--remote-debugging-port" "56840" "--remote-allow-hosts" "localhost" "-no-remote" "-profile" "C:\\Users\\Gobinda\\AppData\\Local\\Temp\\rust_mozprofilenYQqLV"
console.warn: services.settings: Ignoring preference override of remote settings server
console.warn: services.settings: Allow by setting MOZ_REMOTE_SETTINGS_DEVTOOLS=1 in the environment
1683280799044	Marionette	INFO	Marionette enabled
Dynamically enable window occlusion 0
1683280799048	Marionette	INFO	Listening on port 56849
Read port: 56849
WebDriver BiDi listening on ws://127.0.0.1:56840
1683280799147	RemoteAgent	WARN	TLS certificate errors will be ignored for this session
console.warn: SearchSettings: "get: No settings file exists, new profile?" (new NotFoundError("Could not open the file at C:\\Users\\Gobinda\\AppData\\Local\\Temp\\rust_mozprofilenYQqLV\\search.json.mozlz4", (void 0)))
[ERROR glean_core] Error setting metrics feature config: Json(Error("EOF while parsing a value", line: 1, column: 0))
DevTools listening on ws://127.0.0.1:56840/devtools/browser/d9486947-aaf3-4470-b6bb-376c10956d45
JavaScript warning: https://www.redbus.in/javascripts/layout.3be950c1fdf3d5e12860.bundle.js?root=rbus, line 1: WEBGL_debug_renderer_info is deprecated in Firefox and will be removed. Please use RENDERER.
JavaScript warning: https://www.redbus.in/javascripts/layout.3be950c1fdf3d5e12860.bundle.js?root=rbus, line 1: WEBGL_debug_renderer_info is deprecated in Firefox and will be removed. Please use RENDERER.
JavaScript error: https://www.redbus.in/javascripts/BrowserFP.97f44e6f06ee963002e4.bundle.js, line 1: ReferenceError: webpackJsonp is not defined
1683280803783	Marionette	INFO	Stopped listening on port 56849
Dynamically enable window occlusion 1
1683281589121	geckodriver	INFO	Listening on 127.0.0.1:57308
1683281592135	mozrunner::runner	INFO	Running command: "C:\\Program Files\\Mozilla Firefox\\firefox.exe" "--marionette" "--remote-debugging-port" "57309" "--remote-allow-hosts" "localhost" "-no-remote" "-profile" "C:\\Users\\Gobinda\\AppData\\Local\\Temp\\rust_mozprofileyVNOWU"
console.warn: services.settings: Ignoring preference override of remote settings server
console.warn: services.settings: Allow by setting MOZ_REMOTE_SETTINGS_DEVTOOLS=1 in the environment
1683281592460	Marionette	INFO	Marionette enabled
Dynamically enable window occlusion 0
1683281592464	Marionette	INFO	Listening on port 57318
WebDriver BiDi listening on ws://127.0.0.1:57309
Read port: 57318
1683281592702	RemoteAgent	WARN	TLS certificate errors will be ignored for this session
console.warn: SearchSettings: "get: No settings file exists, new profile?" (new NotFoundError("Could not open the file at C:\\Users\\Gobinda\\AppData\\Local\\Temp\\rust_mozprofileyVNOWU\\search.json.mozlz4", (void 0)))
[ERROR glean_core] Error setting metrics feature config: Json(Error("EOF while parsing a value", line: 1, column: 0))
DevTools listening on ws://127.0.0.1:57309/devtools/browser/fd205a32-9334-4472-8c21-7d7c7c7d02b7
JavaScript warning: https://www.redbus.in/javascripts/layout.3be950c1fdf3d5e12860.bundle.js?root=rbus, line 1: WEBGL_debug_renderer_info is deprecated in Firefox and will be removed. Please use RENDERER.
JavaScript warning: https://www.redbus.in/javascripts/layout.3be950c1fdf3d5e12860.bundle.js?root=rbus, line 1: WEBGL_debug_renderer_info is deprecated in Firefox and will be removed. Please use RENDERER.
1683281603907	Marionette	INFO	Stopped listening on port 57318
Dynamically enable window occlusion 1
1683281605828	geckodriver	INFO	Listening on 127.0.0.1:57401
1683281608864	mozrunner::runner	INFO	Running command: "C:\\Program Files\\Mozilla Firefox\\firefox.exe" "--marionette" "--remote-debugging-port" "57402" "--remote-allow-hosts" "localhost" "-no-remote" "-profile" "C:\\Users\\Gobinda\\AppData\\Local\\Temp\\rust_mozprofileuzY8by"
console.warn: services.settings: Ignoring preference override of remote settings server
console.warn: services.settings: Allow by setting MOZ_REMOTE_SETTINGS_DEVTOOLS=1 in the environment
1683281609243	Marionette	INFO	Marionette enabled
Dynamically enable window occlusion 0
1683281609248	Marionette	INFO	Listening on port 57410
Read port: 57410
WebDriver BiDi listening on ws://127.0.0.1:57402
1683281609373	RemoteAgent	WARN	TLS certificate errors will be ignored for this session
console.warn: SearchSettings: "get: No settings file exists, new profile?" (new NotFoundError("Could not open the file at C:\\Users\\Gobinda\\AppData\\Local\\Temp\\rust_mozprofileuzY8by\\search.json.mozlz4", (void 0)))
[ERROR glean_core] Error setting metrics feature config: Json(Error("EOF while parsing a value", line: 1, column: 0))
DevTools listening on ws://127.0.0.1:57402/devtools/browser/4fba695d-a89c-435c-983b-95a70bb4b8c9
JavaScript warning: https://www.redbus.in/javascripts/layout.3be950c1fdf3d5e12860.bundle.js?root=rbus, line 1: WEBGL_debug_renderer_info is deprecated in Firefox and will be removed. Please use RENDERER.
JavaScript warning: https://www.redbus.in/javascripts/layout.3be950c1fdf3d5e12860.bundle.js?root=rbus, line 1: WEBGL_debug_renderer_info is deprecated in Firefox and will be removed. Please use RENDERER.
1683281615289	Marionette	INFO	Stopped listening on port 57410
Dynamically enable window occlusion 1
1683281617475	geckodriver	INFO	Listening on 127.0.0.1:57485
1683281620512	mozrunner::runner	INFO	Running command: "C:\\Program Files\\Mozilla Firefox\\firefox.exe" "--marionette" "--remote-debugging-port" "57486" "--remote-allow-hosts" "localhost" "-no-remote" "-profile" "C:\\Users\\Gobinda\\AppData\\Local\\Temp\\rust_mozprofilecbR7Mt"
console.warn: services.settings: Ignoring preference override of remote settings server
console.warn: services.settings: Allow by setting MOZ_REMOTE_SETTINGS_DEVTOOLS=1 in the environment
1683281620871	Marionette	INFO	Marionette enabled
Dynamically enable window occlusion 0
1683281620876	Marionette	INFO	Listening on port 57494
Read port: 57494
WebDriver BiDi listening on ws://127.0.0.1:57486
1683281621010	RemoteAgent	WARN	TLS certificate errors will be ignored for this session
console.warn: SearchSettings: "get: No settings file exists, new profile?" (new NotFoundError("Could not open the file at C:\\Users\\Gobinda\\AppData\\Local\\Temp\\rust_mozprofilecbR7Mt\\search.json.mozlz4", (void 0)))
[ERROR glean_core] Error setting metrics feature config: Json(Error("EOF while parsing a value", line: 1, column: 0))
DevTools listening on ws://127.0.0.1:57486/devtools/browser/fdda0c71-db28-49ea-a24a-9a9db2f8d50f
JavaScript warning: https://www.redbus.in/javascripts/layout.3be950c1fdf3d5e12860.bundle.js?root=rbus, line 1: WEBGL_debug_renderer_info is deprecated in Firefox and will be removed. Please use RENDERER.
JavaScript warning: https://www.redbus.in/javascripts/layout.3be950c1fdf3d5e12860.bundle.js?root=rbus, line 1: WEBGL_debug_renderer_info is deprecated in Firefox and will be removed. Please use RENDERER.
1683281628951	Marionette	INFO	Stopped listening on port 57494
Dynamically enable window occlusion 1
1683281631865	geckodriver	INFO	Listening on 127.0.0.1:57581
1683281634885	mozrunner::runner	INFO	Running command: "C:\\Program Files\\Mozilla Firefox\\firefox.exe" "--marionette" "--remote-debugging-port" "57582" "--remote-allow-hosts" "localhost" "-no-remote" "-profile" "C:\\Users\\Gobinda\\AppData\\Local\\Temp\\rust_mozprofilelVmVXR"
console.warn: services.settings: Ignoring preference override of remote settings server
console.warn: services.settings: Allow by setting MOZ_REMOTE_SETTINGS_DEVTOOLS=1 in the environment
1683281635223	Marionette	INFO	Marionette enabled
Dynamically enable window occlusion 0
1683281635230	Marionette	INFO	Listening on port 57591
Read port: 57591
WebDriver BiDi listening on ws://127.0.0.1:57582
1683281635375	RemoteAgent	WARN	TLS certificate errors will be ignored for this session
console.warn: SearchSettings: "get: No settings file exists, new profile?" (new NotFoundError("Could not open the file at C:\\Users\\Gobinda\\AppData\\Local\\Temp\\rust_mozprofilelVmVXR\\search.json.mozlz4", (void 0)))
[ERROR glean_core] Error setting metrics feature config: Json(Error("EOF while parsing a value", line: 1, column: 0))
DevTools listening on ws://127.0.0.1:57582/devtools/browser/5eee87f7-28e8-498b-9951-c4c554ae2304
JavaScript warning: https://www.redbus.in/javascripts/layout.3be950c1fdf3d5e12860.bundle.js?root=rbus, line 1: WEBGL_debug_renderer_info is deprecated in Firefox and will be removed. Please use RENDERER.
JavaScript warning: https://www.redbus.in/javascripts/layout.3be950c1fdf3d5e12860.bundle.js?root=rbus, line 1: WEBGL_debug_renderer_info is deprecated in Firefox and will be removed. Please use RENDERER.
1683281640224	Marionette	INFO	Stopped listening on port 57591
Dynamically enable window occlusion 1
1683281646009	geckodriver	INFO	Listening on 127.0.0.1:57661
1683281649047	mozrunner::runner	INFO	Running command: "C:\\Program Files\\Mozilla Firefox\\firefox.exe" "--marionette" "--remote-debugging-port" "57662" "--remote-allow-hosts" "localhost" "-no-remote" "-profile" "C:\\Users\\Gobinda\\AppData\\Local\\Temp\\rust_mozprofileu4opH9"
console.warn: services.settings: Ignoring preference override of remote settings server
console.warn: services.settings: Allow by setting MOZ_REMOTE_SETTINGS_DEVTOOLS=1 in the environment
1683281649413	Marionette	INFO	Marionette enabled
Dynamically enable window occlusion 0
1683281649420	Marionette	INFO	Listening on port 57671
Read port: 57671
WebDriver BiDi listening on ws://127.0.0.1:57662
1683281649557	RemoteAgent	WARN	TLS certificate errors will be ignored for this session
console.warn: SearchSettings: "get: No settings file exists, new profile?" (new NotFoundError("Could not open the file at C:\\Users\\Gobinda\\AppData\\Local\\Temp\\rust_mozprofileu4opH9\\search.json.mozlz4", (void 0)))
[ERROR glean_core] Error setting metrics feature config: Json(Error("EOF while parsing a value", line: 1, column: 0))
DevTools listening on ws://127.0.0.1:57662/devtools/browser/b6b02db1-4702-480d-9b66-82b2caa24368
JavaScript warning: https://www.redbus.in/javascripts/layout.3be950c1fdf3d5e12860.bundle.js?root=rbus, line 1: WEBGL_debug_renderer_info is deprecated in Firefox and will be removed. Please use RENDERER.
JavaScript warning: https://www.redbus.in/javascripts/layout.3be950c1fdf3d5e12860.bundle.js?root=rbus, line 1: WEBGL_debug_renderer_info is deprecated in Firefox and will be removed. Please use RENDERER.
1683281657694	Marionette	INFO	Stopped listening on port 57671
Dynamically enable window occlusion 1
1683281662779	geckodriver	INFO	Listening on 127.0.0.1:57755
1683281665821	mozrunner::runner	INFO	Running command: "C:\\Program Files\\Mozilla Firefox\\firefox.exe" "--marionette" "--remote-debugging-port" "57756" "--remote-allow-hosts" "localhost" "-no-remote" "-profile" "C:\\Users\\Gobinda\\AppData\\Local\\Temp\\rust_mozprofilen12hgR"
console.warn: services.settings: Ignoring preference override of remote settings server
console.warn: services.settings: Allow by setting MOZ_REMOTE_SETTINGS_DEVTOOLS=1 in the environment
1683281666263	Marionette	INFO	Marionette enabled
Dynamically enable window occlusion 0
1683281666268	Marionette	INFO	Listening on port 57764
Read port: 57764
WebDriver BiDi listening on ws://127.0.0.1:57756
1683281666420	RemoteAgent	WARN	TLS certificate errors will be ignored for this session
console.warn: SearchSettings: "get: No settings file exists, new profile?" (new NotFoundError("Could not open the file at C:\\Users\\Gobinda\\AppData\\Local\\Temp\\rust_mozprofilen12hgR\\search.json.mozlz4", (void 0)))
[ERROR glean_core] Error setting metrics feature config: Json(Error("EOF while parsing a value", line: 1, column: 0))
DevTools listening on ws://127.0.0.1:57756/devtools/browser/3526bb4c-6f24-42f6-94b7-d54d935b0f5b
JavaScript warning: https://www.redbus.in/javascripts/layout.3be950c1fdf3d5e12860.bundle.js?root=rbus, line 1: WEBGL_debug_renderer_info is deprecated in Firefox and will be removed. Please use RENDERER.
JavaScript warning: https://www.redbus.in/javascripts/layout.3be950c1fdf3d5e12860.bundle.js?root=rbus, line 1: WEBGL_debug_renderer_info is deprecated in Firefox and will be removed. Please use RENDERER.
1683281672937	Marionette	INFO	Stopped listening on port 57764
Dynamically enable window occlusion 1
WARNING: A blocker encountered an error while we were waiting.
          Blocker:  Waiting for ping task
          Phase: TelemetryController: Waiting for pending ping activity
          State: (none)
WARNING: Error: Phase "profile-before-change" is finished, it is too late to register completion condition "OS.File: flush I/O queued before profileBeforeChange"
WARNING: addBlocker@resource://gre/modules/AsyncShutdown.sys.mjs:727:15
addBlocker@resource://gre/modules/AsyncShutdown.sys.mjs:523:26
addBlocker@resource://gre/modules/AsyncShutdown.sys.mjs:458:15
setupShutdown@resource://gre/modules/osfile/osfile_async_front.jsm:1548:28
@resource://gre/modules/osfile/osfile_async_front.jsm:1568:16
@resource://gre/modules/osfile.jsm:12:30
@resource://gre/modules/TelemetryStorage.sys.mjs:10:28
_checkPendingPings@resource://gre/modules/TelemetrySend.sys.mjs:863:17
setup@resource://gre/modules/TelemetrySend.sys.mjs:803:18
setup@resource://gre/modules/TelemetrySend.sys.mjs:241:30
setupTelemetry/this._delayedInitTask<@resource://gre/modules/TelemetryControllerParent.sys.mjs:824:36
observe@resource://gre/modules/AsyncShutdown.sys.mjs:576:16

console.error: "TelemetryScheduler.shutdown - Already shut down"
WARNING: A blocker encountered an error while we were waiting.
          Blocker:  Waiting for ping task
          Phase: TelemetryController: Waiting for pending ping activity
          State: (none)
WARNING: Error: Phase "profile-before-change" is finished, it is too late to register completion condition "OS.File: flush I/O queued before profileBeforeChange"
WARNING: addBlocker@resource://gre/modules/AsyncShutdown.sys.mjs:727:15
addBlocker@resource://gre/modules/AsyncShutdown.sys.mjs:523:26
addBlocker@resource://gre/modules/AsyncShutdown.sys.mjs:458:15
setupShutdown@resource://gre/modules/osfile/osfile_async_front.jsm:1548:28
@resource://gre/modules/osfile/osfile_async_front.jsm:1568:16
@resource://gre/modules/osfile.jsm:12:30
@resource://gre/modules/TelemetryStorage.sys.mjs:10:28
_checkPendingPings@resource://gre/modules/TelemetrySend.sys.mjs:863:17
setup@resource://gre/modules/TelemetrySend.sys.mjs:803:18
setup@resource://gre/modules/TelemetrySend.sys.mjs:241:30
setupTelemetry/this._delayedInitTask<@resource://gre/modules/TelemetryControllerParent.sys.mjs:824:36
observe@resource://gre/modules/AsyncShutdown.sys.mjs:576:16

WARNING: A blocker encountered an error while we were waiting.
          Blocker:  Waiting for ping task
          Phase: TelemetryController: Waiting for pending ping activity
          State: (none)
WARNING: Error: Phase "profile-before-change" is finished, it is too late to register completion condition "OS.File: flush I/O queued before profileBeforeChange"
WARNING: addBlocker@resource://gre/modules/AsyncShutdown.sys.mjs:727:15
addBlocker@resource://gre/modules/AsyncShutdown.sys.mjs:523:26
addBlocker@resource://gre/modules/AsyncShutdown.sys.mjs:458:15
setupShutdown@resource://gre/modules/osfile/osfile_async_front.jsm:1548:28
@resource://gre/modules/osfile/osfile_async_front.jsm:1568:16
@resource://gre/modules/osfile.jsm:12:30
@resource://gre/modules/TelemetryStorage.sys.mjs:10:28
_checkPendingPings@resource://gre/modules/TelemetrySend.sys.mjs:863:17
setup@resource://gre/modules/TelemetrySend.sys.mjs:803:18
setup@resource://gre/modules/TelemetrySend.sys.mjs:241:30
setupTelemetry/this._delayedInitTask<@resource://gre/modules/TelemetryControllerParent.sys.mjs:824:36
observe@resource://gre/modules/AsyncShutdown.sys.mjs:576:16

WARNING: A blocker encountered an error while we were waiting.
          Blocker:  TelemetryController: shutting down
          Phase: profile-before-change-telemetry
          State: Error getting state: Error: Phase "profile-before-change" is finished, it is too late to register completion condition "OS.File: flush I/O queued before profileBeforeChange" at addBlocker@resource://gre/modules/AsyncShutdown.sys.mjs:727:15
addBlocker@resource://gre/modules/AsyncShutdown.sys.mjs:523:26
addBlocker@resource://gre/modules/AsyncShutdown.sys.mjs:458:15
setupShutdown@resource://gre/modules/osfile/osfile_async_front.jsm:1548:28
@resource://gre/modules/osfile/osfile_async_front.jsm:1568:16
@resource://gre/modules/osfile.jsm:12:30
@resource://gre/modules/TelemetryStorage.sys.mjs:10:28
_checkPendingPings@resource://gre/modules/TelemetrySend.sys.mjs:863:17
setup@resource://gre/modules/TelemetrySend.sys.mjs:803:18
setup@resource://gre/modules/TelemetrySend.sys.mjs:241:30
setupTelemetry/this._delayedInitTask<@resource://gre/modules/TelemetryControllerParent.sys.mjs:824:36
observe@resource://gre/modules/AsyncShutdown.sys.mjs:576:16

WARNING: Error: Phase "profile-before-change" is finished, it is too late to register completion condition "OS.File: flush I/O queued before profileBeforeChange"
WARNING: addBlocker@resource://gre/modules/AsyncShutdown.sys.mjs:727:15
addBlocker@resource://gre/modules/AsyncShutdown.sys.mjs:523:26
addBlocker@resource://gre/modules/AsyncShutdown.sys.mjs:458:15
setupShutdown@resource://gre/modules/osfile/osfile_async_front.jsm:1548:28
@resource://gre/modules/osfile/osfile_async_front.jsm:1568:16
@resource://gre/modules/osfile.jsm:12:30
@resource://gre/modules/TelemetryStorage.sys.mjs:10:28
_checkPendingPings@resource://gre/modules/TelemetrySend.sys.mjs:863:17
setup@resource://gre/modules/TelemetrySend.sys.mjs:803:18
setup@resource://gre/modules/TelemetrySend.sys.mjs:241:30
setupTelemetry/this._delayedInitTask<@resource://gre/modules/TelemetryControllerParent.sys.mjs:824:36
observe@resource://gre/modules/AsyncShutdown.sys.mjs:576:16

JavaScript error: resource://gre/modules/AsyncShutdown.sys.mjs, line 727: Error: Phase "profile-before-change" is finished, it is too late to register completion condition "OS.File: flush I/O queued before profileBeforeChange"
JavaScript error: resource://gre/modules/AsyncShutdown.sys.mjs, line 727: Error: Phase "profile-before-change" is finished, it is too late to register completion condition "OS.File: flush I/O queued before profileBeforeChange"
JavaScript error: resource://gre/modules/AsyncShutdown.sys.mjs, line 727: Error: Phase "profile-before-change" is finished, it is too late to register completion condition "OS.File: flush I/O queued before profileBeforeChange"
JavaScript error: resource://gre/modules/AsyncShutdown.sys.mjs, line 727: Error: Phase "profile-before-change" is finished, it is too late to register completion condition "OS.File: flush I/O queued before profileBeforeChange"
JavaScript error: resource://gre/modules/AsyncShutdown.sys.mjs, line 727: Error: Phase "profile-before-change" is finished, it is too late to register completion condition "OS.File: flush I/O queued before profileBeforeChange"
JavaScript error: resource://gre/modules/AsyncShutdown.sys.mjs, line 727: Error: Phase "profile-before-change" is finished, it is too late to register completion condition "OS.File: flush I/O queued before profileBeforeChange"
1683281688370	geckodriver	INFO	Listening on 127.0.0.1:57844
1683281691411	mozrunner::runner	INFO	Running command: "C:\\Program Files\\Mozilla Firefox\\firefox.exe" "--marionette" "--remote-debugging-port" "57845" "--remote-allow-hosts" "localhost" "-no-remote" "-profile" "C:\\Users\\Gobinda\\AppData\\Local\\Temp\\rust_mozprofilehMAx0A"
console.warn: services.settings: Ignoring preference override of remote settings server
console.warn: services.settings: Allow by setting MOZ_REMOTE_SETTINGS_DEVTOOLS=1 in the environment
1683281691775	Marionette	INFO	Marionette enabled
Dynamically enable window occlusion 0
1683281691779	Marionette	INFO	Listening on port 57854
Read port: 57854
WebDriver BiDi listening on ws://127.0.0.1:57845
1683281691916	RemoteAgent	WARN	TLS certificate errors will be ignored for this session
console.warn: SearchSettings: "get: No settings file exists, new profile?" (new NotFoundError("Could not open the file at C:\\Users\\Gobinda\\AppData\\Local\\Temp\\rust_mozprofilehMAx0A\\search.json.mozlz4", (void 0)))
[ERROR glean_core] Error setting metrics feature config: Json(Error("EOF while parsing a value", line: 1, column: 0))
DevTools listening on ws://127.0.0.1:57845/devtools/browser/ee9ef43b-e95e-4e93-b175-d2d899d26d0d
JavaScript warning: https://www.redbus.in/javascripts/layout.3be950c1fdf3d5e12860.bundle.js?root=rbus, line 1: WEBGL_debug_renderer_info is deprecated in Firefox and will be removed. Please use RENDERER.
JavaScript warning: https://www.redbus.in/javascripts/layout.3be950c1fdf3d5e12860.bundle.js?root=rbus, line 1: WEBGL_debug_renderer_info is deprecated in Firefox and will be removed. Please use RENDERER.
1683281698409	Marionette	INFO	Stopped listening on port 57854
Dynamically enable window occlusion 1
1683281771560	geckodriver	INFO	Listening on 127.0.0.1:57971
1683281774596	mozrunner::runner	INFO	Running command: "C:\\Program Files\\Mozilla Firefox\\firefox.exe" "--marionette" "--remote-debugging-port" "57972" "--remote-allow-hosts" "localhost" "-no-remote" "-profile" "C:\\Users\\Gobinda\\AppData\\Local\\Temp\\rust_mozprofile4yy5EB"
console.warn: services.settings: Ignoring preference override of remote settings server
console.warn: services.settings: Allow by setting MOZ_REMOTE_SETTINGS_DEVTOOLS=1 in the environment
1683281775110	Marionette	INFO	Marionette enabled
Dynamically enable window occlusion 0
1683281775116	Marionette	INFO	Listening on port 57980
WebDriver BiDi listening on ws://127.0.0.1:57972
Read port: 57980
1683281775376	RemoteAgent	WARN	TLS certificate errors will be ignored for this session
console.warn: SearchSettings: "get: No settings file exists, new profile?" (new NotFoundError("Could not open the file at C:\\Users\\Gobinda\\AppData\\Local\\Temp\\rust_mozprofile4yy5EB\\search.json.mozlz4", (void 0)))
[ERROR glean_core] Error setting metrics feature config: Json(Error("EOF while parsing a value", line: 1, column: 0))
DevTools listening on ws://127.0.0.1:57972/devtools/browser/8fa8bbc6-85a3-4e23-a938-95f3c5d6c8c7
JavaScript warning: https://www.redbus.in/javascripts/layout.3be950c1fdf3d5e12860.bundle.js?root=rbus, line 1: WEBGL_debug_renderer_info is deprecated in Firefox and will be removed. Please use RENDERER.
JavaScript warning: https://www.redbus.in/javascripts/layout.3be950c1fdf3d5e12860.bundle.js?root=rbus, line 1: WEBGL_debug_renderer_info is deprecated in Firefox and will be removed. Please use RENDERER.
1683281780062	Marionette	WARN	TimedPromise timed out after 500 ms: stacktrace:
TimedPromise/<@chrome://remote/content/marionette/sync.sys.mjs:219:24
TimedPromise@chrome://remote/content/marionette/sync.sys.mjs:204:10
interaction.flushEventLoop@chrome://remote/content/marionette/interaction.sys.mjs:424:10
webdriverClickElement@chrome://remote/content/marionette/interaction.sys.mjs:173:31
JavaScript warning: https://www.redbus.in/javascripts/layout.3be950c1fdf3d5e12860.bundle.js?root=rbus, line 1: WEBGL_debug_renderer_info is deprecated in Firefox and will be removed. Please use RENDERER.
1683281971081	Marionette	INFO	Stopped listening on port 57980
Dynamically enable window occlusion 1
